The system is: Linux - 5.10.0-1038.40-generic - x86_64
Compiling the C compiler identification source file "CMakeCCompilerId.c" succeeded.
Compiler: /usr/bin/gcc 
Build flags: 
Id flags: 

The output was:
0


Compilation of the C compiler identification source "CMakeCCompilerId.c" produced "a.out"

The C compiler identification is GNU, found in "/home/misha/untitled2/_build/CMakeFiles/3.7.2/CompilerIdC/a.out"

Compiling the CXX compiler identification source file "CMakeCXXCompilerId.cpp" succeeded.
Compiler: /usr/bin/g++ 
Build flags: 
Id flags: 

The output was:
0


Compilation of the CXX compiler identification source "CMakeCXXCompilerId.cpp" produced "a.out"

The CXX compiler identification is GNU, found in "/home/misha/untitled2/_build/CMakeFiles/3.7.2/CompilerIdCXX/a.out"

Determining if the C compiler works passed with the following output:
Change Dir: /home/misha/untitled2/_build/CMakeFiles/CMakeTmp

Run Build Command:"/usr/bin/ninja" "cmTC_7c7a3"
[1/2] Building C object CMakeFiles/cmTC_7c7a3.dir/testCCompiler.c.o
[2/2] Linking C executable cmTC_7c7a3


Detecting C compiler ABI info compiled with the following output:
Change Dir: /home/misha/untitled2/_build/CMakeFiles/CMakeTmp

Run Build Command:"/usr/bin/ninja" "cmTC_168d7"
[1/2] Building C object CMakeFiles/cmTC_168d7.dir/CMakeCCompilerABI.c.o
[2/2] Linking C executable cmTC_168d7
Using built-in specs.
COLLECT_GCC=/usr/bin/gcc
COLLECT_LTO_WRAPPER=/usr/lib/gcc/x86_64-linux-gnu/6/lto-wrapper
Target: x86_64-linux-gnu
Configured with: ../src/configure -v --with-pkgversion='Debian 6.3.0-18+deb9u1' --with-bugurl=file:///usr/share/doc/gcc-6/README.Bugs --enable-languages=c,ada,c++,java,go,d,fortran,objc,obj-c++ --prefix=/usr --program-suffix=-6 --program-prefix=x86_64-linux-gnu- --enable-shared --enable-linker-build-id --libexecdir=/usr/lib --without-included-gettext --enable-threads=posix --libdir=/usr/lib --enable-nls --with-sysroot=/ --enable-clocale=gnu --enable-libstdcxx-debug --enable-libstdcxx-time=yes --with-default-libstdcxx-abi=new --enable-gnu-unique-object --disable-vtable-verify --enable-libmpx --enable-plugin --enable-default-pie --with-system-zlib --disable-browser-plugin --enable-java-awt=gtk --enable-gtk-cairo --with-java-home=/usr/lib/jvm/java-1.5.0-gcj-6-amd64/jre --enable-java-home --with-jvm-root-dir=/usr/lib/jvm/java-1.5.0-gcj-6-amd64 --with-jvm-jar-dir=/usr/lib/jvm-exports/java-1.5.0-gcj-6-amd64 --with-arch-directory=amd64 --with-ecj-jar=/usr/share/java/eclipse-ecj.jar --with-target-system-zlib --enable-objc-gc=auto --enable-multiarch --with-arch-32=i686 --with-abi=m64 --with-multilib-list=m32,m64,mx32 --enable-multilib --with-tune=generic --enable-checking=release --build=x86_64-linux-gnu --host=x86_64-linux-gnu --target=x86_64-linux-gnu
Thread model: posix
gcc version 6.3.0 20170516 (Debian 6.3.0-18+deb9u1) 
COMPILER_PATH=/usr/lib/gcc/x86_64-linux-gnu/6/:/usr/lib/gcc/x86_64-linux-gnu/6/:/usr/lib/gcc/x86_64-linux-gnu/:/usr/lib/gcc/x86_64-linux-gnu/6/:/usr/lib/gcc/x86_64-linux-gnu/
LIBRARY_PATH=/usr/lib/gcc/x86_64-linux-gnu/6/:/usr/lib/gcc/x86_64-linux-gnu/6/../../../x86_64-linux-gnu/:/usr/lib/gcc/x86_64-linux-gnu/6/../../../../lib/:/lib/x86_64-linux-gnu/:/lib/../lib/:/usr/lib/x86_64-linux-gnu/:/usr/lib/../lib/:/usr/lib/gcc/x86_64-linux-gnu/6/../../../:/lib/:/usr/lib/
COLLECT_GCC_OPTIONS='-v' '-o' 'cmTC_168d7' '-rdynamic' '-mtune=generic' '-march=x86-64'
 /usr/lib/gcc/x86_64-linux-gnu/6/collect2 -plugin /usr/lib/gcc/x86_64-linux-gnu/6/liblto_plugin.so -plugin-opt=/usr/lib/gcc/x86_64-linux-gnu/6/lto-wrapper -plugin-opt=-fresolution=/tmp/ccqtvOnt.res -plugin-opt=-pass-through=-lgcc -plugin-opt=-pass-through=-lgcc_s -plugin-opt=-pass-through=-lc -plugin-opt=-pass-through=-lgcc -plugin-opt=-pass-through=-lgcc_s --sysroot=/ --build-id --eh-frame-hdr -m elf_x86_64 --hash-style=gnu -export-dynamic -dynamic-linker /lib64/ld-linux-x86-64.so.2 -pie -o cmTC_168d7 /usr/lib/gcc/x86_64-linux-gnu/6/../../../x86_64-linux-gnu/Scrt1.o /usr/lib/gcc/x86_64-linux-gnu/6/../../../x86_64-linux-gnu/crti.o /usr/lib/gcc/x86_64-linux-gnu/6/crtbeginS.o -L/usr/lib/gcc/x86_64-linux-gnu/6 -L/usr/lib/gcc/x86_64-linux-gnu/6/../../../x86_64-linux-gnu -L/usr/lib/gcc/x86_64-linux-gnu/6/../../../../lib -L/lib/x86_64-linux-gnu -L/lib/../lib -L/usr/lib/x86_64-linux-gnu -L/usr/lib/../lib -L/usr/lib/gcc/x86_64-linux-gnu/6/../../.. CMakeFiles/cmTC_168d7.dir/CMakeCCompilerABI.c.o -lgcc --as-needed -lgcc_s --no-as-needed -lc -lgcc --as-needed -lgcc_s --no-as-needed /usr/lib/gcc/x86_64-linux-gnu/6/crtendS.o /usr/lib/gcc/x86_64-linux-gnu/6/../../../x86_64-linux-gnu/crtn.o
COLLECT_GCC_OPTIONS='-v' '-o' 'cmTC_168d7' '-rdynamic' '-mtune=generic' '-march=x86-64'


Parsed C implicit link information from above output:
  link line regex: [^( *|.*[/\])(ld|([^/\]+-)?ld|collect2)[^/\]*( |$)]
  ignore line: [Change Dir: /home/misha/untitled2/_build/CMakeFiles/CMakeTmp]
  ignore line: []
  ignore line: [Run Build Command:"/usr/bin/ninja" "cmTC_168d7"]
  ignore line: [[1/2] Building C object CMakeFiles/cmTC_168d7.dir/CMakeCCompilerABI.c.o]
  ignore line: [[2/2] Linking C executable cmTC_168d7]
  ignore line: [Using built-in specs.]
  ignore line: [COLLECT_GCC=/usr/bin/gcc]
  ignore line: [COLLECT_LTO_WRAPPER=/usr/lib/gcc/x86_64-linux-gnu/6/lto-wrapper]
  ignore line: [Target: x86_64-linux-gnu]
  ignore line: [Configured with: ../src/configure -v --with-pkgversion='Debian 6.3.0-18+deb9u1' --with-bugurl=file:///usr/share/doc/gcc-6/README.Bugs --enable-languages=c,ada,c++,java,go,d,fortran,objc,obj-c++ --prefix=/usr --program-suffix=-6 --program-prefix=x86_64-linux-gnu- --enable-shared --enable-linker-build-id --libexecdir=/usr/lib --without-included-gettext --enable-threads=posix --libdir=/usr/lib --enable-nls --with-sysroot=/ --enable-clocale=gnu --enable-libstdcxx-debug --enable-libstdcxx-time=yes --with-default-libstdcxx-abi=new --enable-gnu-unique-object --disable-vtable-verify --enable-libmpx --enable-plugin --enable-default-pie --with-system-zlib --disable-browser-plugin --enable-java-awt=gtk --enable-gtk-cairo --with-java-home=/usr/lib/jvm/java-1.5.0-gcj-6-amd64/jre --enable-java-home --with-jvm-root-dir=/usr/lib/jvm/java-1.5.0-gcj-6-amd64 --with-jvm-jar-dir=/usr/lib/jvm-exports/java-1.5.0-gcj-6-amd64 --with-arch-directory=amd64 --with-ecj-jar=/usr/share/java/eclipse-ecj.jar --with-target-system-zlib --enable-objc-gc=auto --enable-multiarch --with-arch-32=i686 --with-abi=m64 --with-multilib-list=m32,m64,mx32 --enable-multilib --with-tune=generic --enable-checking=release --build=x86_64-linux-gnu --host=x86_64-linux-gnu --target=x86_64-linux-gnu]
  ignore line: [Thread model: posix]
  ignore line: [gcc version 6.3.0 20170516 (Debian 6.3.0-18+deb9u1) ]
  ignore line: [COMPILER_PATH=/usr/lib/gcc/x86_64-linux-gnu/6/:/usr/lib/gcc/x86_64-linux-gnu/6/:/usr/lib/gcc/x86_64-linux-gnu/:/usr/lib/gcc/x86_64-linux-gnu/6/:/usr/lib/gcc/x86_64-linux-gnu/]
  ignore line: [LIBRARY_PATH=/usr/lib/gcc/x86_64-linux-gnu/6/:/usr/lib/gcc/x86_64-linux-gnu/6/../../../x86_64-linux-gnu/:/usr/lib/gcc/x86_64-linux-gnu/6/../../../../lib/:/lib/x86_64-linux-gnu/:/lib/../lib/:/usr/lib/x86_64-linux-gnu/:/usr/lib/../lib/:/usr/lib/gcc/x86_64-linux-gnu/6/../../../:/lib/:/usr/lib/]
  ignore line: [COLLECT_GCC_OPTIONS='-v' '-o' 'cmTC_168d7' '-rdynamic' '-mtune=generic' '-march=x86-64']
  link line: [ /usr/lib/gcc/x86_64-linux-gnu/6/collect2 -plugin /usr/lib/gcc/x86_64-linux-gnu/6/liblto_plugin.so -plugin-opt=/usr/lib/gcc/x86_64-linux-gnu/6/lto-wrapper -plugin-opt=-fresolution=/tmp/ccqtvOnt.res -plugin-opt=-pass-through=-lgcc -plugin-opt=-pass-through=-lgcc_s -plugin-opt=-pass-through=-lc -plugin-opt=-pass-through=-lgcc -plugin-opt=-pass-through=-lgcc_s --sysroot=/ --build-id --eh-frame-hdr -m elf_x86_64 --hash-style=gnu -export-dynamic -dynamic-linker /lib64/ld-linux-x86-64.so.2 -pie -o cmTC_168d7 /usr/lib/gcc/x86_64-linux-gnu/6/../../../x86_64-linux-gnu/Scrt1.o /usr/lib/gcc/x86_64-linux-gnu/6/../../../x86_64-linux-gnu/crti.o /usr/lib/gcc/x86_64-linux-gnu/6/crtbeginS.o -L/usr/lib/gcc/x86_64-linux-gnu/6 -L/usr/lib/gcc/x86_64-linux-gnu/6/../../../x86_64-linux-gnu -L/usr/lib/gcc/x86_64-linux-gnu/6/../../../../lib -L/lib/x86_64-linux-gnu -L/lib/../lib -L/usr/lib/x86_64-linux-gnu -L/usr/lib/../lib -L/usr/lib/gcc/x86_64-linux-gnu/6/../../.. CMakeFiles/cmTC_168d7.dir/CMakeCCompilerABI.c.o -lgcc --as-needed -lgcc_s --no-as-needed -lc -lgcc --as-needed -lgcc_s --no-as-needed /usr/lib/gcc/x86_64-linux-gnu/6/crtendS.o /usr/lib/gcc/x86_64-linux-gnu/6/../../../x86_64-linux-gnu/crtn.o]
    arg [/usr/lib/gcc/x86_64-linux-gnu/6/collect2] ==> ignore
    arg [-plugin] ==> ignore
    arg [/usr/lib/gcc/x86_64-linux-gnu/6/liblto_plugin.so] ==> ignore
    arg [-plugin-opt=/usr/lib/gcc/x86_64-linux-gnu/6/lto-wrapper] ==> ignore
    arg [-plugin-opt=-fresolution=/tmp/ccqtvOnt.res] ==> ignore
    arg [-plugin-opt=-pass-through=-lgcc] ==> ignore
    arg [-plugin-opt=-pass-through=-lgcc_s] ==> ignore
    arg [-plugin-opt=-pass-through=-lc] ==> ignore
    arg [-plugin-opt=-pass-through=-lgcc] ==> ignore
    arg [-plugin-opt=-pass-through=-lgcc_s] ==> ignore
    arg [--sysroot=/] ==> ignore
    arg [--build-id] ==> ignore
    arg [--eh-frame-hdr] ==> ignore
    arg [-m] ==> ignore
    arg [elf_x86_64] ==> ignore
    arg [--hash-style=gnu] ==> ignore
    arg [-export-dynamic] ==> ignore
    arg [-dynamic-linker] ==> ignore
    arg [/lib64/ld-linux-x86-64.so.2] ==> ignore
    arg [-pie] ==> ignore
    arg [-o] ==> ignore
    arg [cmTC_168d7] ==> ignore
    arg [/usr/lib/gcc/x86_64-linux-gnu/6/../../../x86_64-linux-gnu/Scrt1.o] ==> ignore
    arg [/usr/lib/gcc/x86_64-linux-gnu/6/../../../x86_64-linux-gnu/crti.o] ==> ignore
    arg [/usr/lib/gcc/x86_64-linux-gnu/6/crtbeginS.o] ==> ignore
    arg [-L/usr/lib/gcc/x86_64-linux-gnu/6] ==> dir [/usr/lib/gcc/x86_64-linux-gnu/6]
    arg [-L/usr/lib/gcc/x86_64-linux-gnu/6/../../../x86_64-linux-gnu] ==> dir [/usr/lib/gcc/x86_64-linux-gnu/6/../../../x86_64-linux-gnu]
    arg [-L/usr/lib/gcc/x86_64-linux-gnu/6/../../../../lib] ==> dir [/usr/lib/gcc/x86_64-linux-gnu/6/../../../../lib]
    arg [-L/lib/x86_64-linux-gnu] ==> dir [/lib/x86_64-linux-gnu]
    arg [-L/lib/../lib] ==> dir [/lib/../lib]
    arg [-L/usr/lib/x86_64-linux-gnu] ==> dir [/usr/lib/x86_64-linux-gnu]
    arg [-L/usr/lib/../lib] ==> dir [/usr/lib/../lib]
    arg [-L/usr/lib/gcc/x86_64-linux-gnu/6/../../..] ==> dir [/usr/lib/gcc/x86_64-linux-gnu/6/../../..]
    arg [CMakeFiles/cmTC_168d7.dir/CMakeCCompilerABI.c.o] ==> ignore
    arg [-lgcc] ==> lib [gcc]
    arg [--as-needed] ==> ignore
    arg [-lgcc_s] ==> lib [gcc_s]
    arg [--no-as-needed] ==> ignore
    arg [-lc] ==> lib [c]
    arg [-lgcc] ==> lib [gcc]
    arg [--as-needed] ==> ignore
    arg [-lgcc_s] ==> lib [gcc_s]
    arg [--no-as-needed] ==> ignore
    arg [/usr/lib/gcc/x86_64-linux-gnu/6/crtendS.o] ==> ignore
    arg [/usr/lib/gcc/x86_64-linux-gnu/6/../../../x86_64-linux-gnu/crtn.o] ==> ignore
  remove lib [gcc]
  remove lib [gcc_s]
  remove lib [gcc]
  remove lib [gcc_s]
  collapse library dir [/usr/lib/gcc/x86_64-linux-gnu/6] ==> [/usr/lib/gcc/x86_64-linux-gnu/6]
  collapse library dir [/usr/lib/gcc/x86_64-linux-gnu/6/../../../x86_64-linux-gnu] ==> [/usr/lib/x86_64-linux-gnu]
  collapse library dir [/usr/lib/gcc/x86_64-linux-gnu/6/../../../../lib] ==> [/usr/lib]
  collapse library dir [/lib/x86_64-linux-gnu] ==> [/lib/x86_64-linux-gnu]
  collapse library dir [/lib/../lib] ==> [/lib]
  collapse library dir [/usr/lib/x86_64-linux-gnu] ==> [/usr/lib/x86_64-linux-gnu]
  collapse library dir [/usr/lib/../lib] ==> [/usr/lib]
  collapse library dir [/usr/lib/gcc/x86_64-linux-gnu/6/../../..] ==> [/usr/lib]
  implicit libs: [c]
  implicit dirs: [/usr/lib/gcc/x86_64-linux-gnu/6;/usr/lib/x86_64-linux-gnu;/usr/lib;/lib/x86_64-linux-gnu;/lib]
  implicit fwks: []




Detecting C [-std=c11] compiler features compiled with the following output:
Change Dir: /home/misha/untitled2/_build/CMakeFiles/CMakeTmp

Run Build Command:"/usr/bin/ninja" "cmTC_16c63"
[1/2] Building C object CMakeFiles/cmTC_16c63.dir/feature_tests.c.o
[2/2] Linking C executable cmTC_16c63


    Feature record: C_FEATURE:1c_function_prototypes
    Feature record: C_FEATURE:1c_restrict
    Feature record: C_FEATURE:1c_static_assert
    Feature record: C_FEATURE:1c_variadic_macros


Detecting C [-std=c99] compiler features compiled with the following output:
Change Dir: /home/misha/untitled2/_build/CMakeFiles/CMakeTmp

Run Build Command:"/usr/bin/ninja" "cmTC_8a8c5"
[1/2] Building C object CMakeFiles/cmTC_8a8c5.dir/feature_tests.c.o
[2/2] Linking C executable cmTC_8a8c5


    Feature record: C_FEATURE:1c_function_prototypes
    Feature record: C_FEATURE:1c_restrict
    Feature record: C_FEATURE:0c_static_assert
    Feature record: C_FEATURE:1c_variadic_macros


Detecting C [-std=c90] compiler features compiled with the following output:
Change Dir: /home/misha/untitled2/_build/CMakeFiles/CMakeTmp

Run Build Command:"/usr/bin/ninja" "cmTC_73a48"
[1/2] Building C object CMakeFiles/cmTC_73a48.dir/feature_tests.c.o
[2/2] Linking C executable cmTC_73a48


    Feature record: C_FEATURE:1c_function_prototypes
    Feature record: C_FEATURE:0c_restrict
    Feature record: C_FEATURE:0c_static_assert
    Feature record: C_FEATURE:0c_variadic_macros
Determining if the CXX compiler works passed with the following output:
Change Dir: /home/misha/untitled2/_build/CMakeFiles/CMakeTmp

Run Build Command:"/usr/bin/ninja" "cmTC_71ae1"
[1/2] Building CXX object CMakeFiles/cmTC_71ae1.dir/testCXXCompiler.cxx.o
[2/2] Linking CXX executable cmTC_71ae1


Detecting CXX compiler ABI info compiled with the following output:
Change Dir: /home/misha/untitled2/_build/CMakeFiles/CMakeTmp

Run Build Command:"/usr/bin/ninja" "cmTC_ae581"
[1/2] Building CXX object CMakeFiles/cmTC_ae581.dir/CMakeCXXCompilerABI.cpp.o
[2/2] Linking CXX executable cmTC_ae581
Using built-in specs.
COLLECT_GCC=/usr/bin/g++
COLLECT_LTO_WRAPPER=/usr/lib/gcc/x86_64-linux-gnu/6/lto-wrapper
Target: x86_64-linux-gnu
Configured with: ../src/configure -v --with-pkgversion='Debian 6.3.0-18+deb9u1' --with-bugurl=file:///usr/share/doc/gcc-6/README.Bugs --enable-languages=c,ada,c++,java,go,d,fortran,objc,obj-c++ --prefix=/usr --program-suffix=-6 --program-prefix=x86_64-linux-gnu- --enable-shared --enable-linker-build-id --libexecdir=/usr/lib --without-included-gettext --enable-threads=posix --libdir=/usr/lib --enable-nls --with-sysroot=/ --enable-clocale=gnu --enable-libstdcxx-debug --enable-libstdcxx-time=yes --with-default-libstdcxx-abi=new --enable-gnu-unique-object --disable-vtable-verify --enable-libmpx --enable-plugin --enable-default-pie --with-system-zlib --disable-browser-plugin --enable-java-awt=gtk --enable-gtk-cairo --with-java-home=/usr/lib/jvm/java-1.5.0-gcj-6-amd64/jre --enable-java-home --with-jvm-root-dir=/usr/lib/jvm/java-1.5.0-gcj-6-amd64 --with-jvm-jar-dir=/usr/lib/jvm-exports/java-1.5.0-gcj-6-amd64 --with-arch-directory=amd64 --with-ecj-jar=/usr/share/java/eclipse-ecj.jar --with-target-system-zlib --enable-objc-gc=auto --enable-multiarch --with-arch-32=i686 --with-abi=m64 --with-multilib-list=m32,m64,mx32 --enable-multilib --with-tune=generic --enable-checking=release --build=x86_64-linux-gnu --host=x86_64-linux-gnu --target=x86_64-linux-gnu
Thread model: posix
gcc version 6.3.0 20170516 (Debian 6.3.0-18+deb9u1) 
COMPILER_PATH=/usr/lib/gcc/x86_64-linux-gnu/6/:/usr/lib/gcc/x86_64-linux-gnu/6/:/usr/lib/gcc/x86_64-linux-gnu/:/usr/lib/gcc/x86_64-linux-gnu/6/:/usr/lib/gcc/x86_64-linux-gnu/
LIBRARY_PATH=/usr/lib/gcc/x86_64-linux-gnu/6/:/usr/lib/gcc/x86_64-linux-gnu/6/../../../x86_64-linux-gnu/:/usr/lib/gcc/x86_64-linux-gnu/6/../../../../lib/:/lib/x86_64-linux-gnu/:/lib/../lib/:/usr/lib/x86_64-linux-gnu/:/usr/lib/../lib/:/usr/lib/gcc/x86_64-linux-gnu/6/../../../:/lib/:/usr/lib/
COLLECT_GCC_OPTIONS='-v' '-o' 'cmTC_ae581' '-rdynamic' '-shared-libgcc' '-mtune=generic' '-march=x86-64'
 /usr/lib/gcc/x86_64-linux-gnu/6/collect2 -plugin /usr/lib/gcc/x86_64-linux-gnu/6/liblto_plugin.so -plugin-opt=/usr/lib/gcc/x86_64-linux-gnu/6/lto-wrapper -plugin-opt=-fresolution=/tmp/ccbiX2IH.res -plugin-opt=-pass-through=-lgcc_s -plugin-opt=-pass-through=-lgcc -plugin-opt=-pass-through=-lc -plugin-opt=-pass-through=-lgcc_s -plugin-opt=-pass-through=-lgcc --sysroot=/ --build-id --eh-frame-hdr -m elf_x86_64 --hash-style=gnu -export-dynamic -dynamic-linker /lib64/ld-linux-x86-64.so.2 -pie -o cmTC_ae581 /usr/lib/gcc/x86_64-linux-gnu/6/../../../x86_64-linux-gnu/Scrt1.o /usr/lib/gcc/x86_64-linux-gnu/6/../../../x86_64-linux-gnu/crti.o /usr/lib/gcc/x86_64-linux-gnu/6/crtbeginS.o -L/usr/lib/gcc/x86_64-linux-gnu/6 -L/usr/lib/gcc/x86_64-linux-gnu/6/../../../x86_64-linux-gnu -L/usr/lib/gcc/x86_64-linux-gnu/6/../../../../lib -L/lib/x86_64-linux-gnu -L/lib/../lib -L/usr/lib/x86_64-linux-gnu -L/usr/lib/../lib -L/usr/lib/gcc/x86_64-linux-gnu/6/../../.. CMakeFiles/cmTC_ae581.dir/CMakeCXXCompilerABI.cpp.o -lstdc++ -lm -lgcc_s -lgcc -lc -lgcc_s -lgcc /usr/lib/gcc/x86_64-linux-gnu/6/crtendS.o /usr/lib/gcc/x86_64-linux-gnu/6/../../../x86_64-linux-gnu/crtn.o
COLLECT_GCC_OPTIONS='-v' '-o' 'cmTC_ae581' '-rdynamic' '-shared-libgcc' '-mtune=generic' '-march=x86-64'


Parsed CXX implicit link information from above output:
  link line regex: [^( *|.*[/\])(ld|([^/\]+-)?ld|collect2)[^/\]*( |$)]
  ignore line: [Change Dir: /home/misha/untitled2/_build/CMakeFiles/CMakeTmp]
  ignore line: []
  ignore line: [Run Build Command:"/usr/bin/ninja" "cmTC_ae581"]
  ignore line: [[1/2] Building CXX object CMakeFiles/cmTC_ae581.dir/CMakeCXXCompilerABI.cpp.o]
  ignore line: [[2/2] Linking CXX executable cmTC_ae581]
  ignore line: [Using built-in specs.]
  ignore line: [COLLECT_GCC=/usr/bin/g++]
  ignore line: [COLLECT_LTO_WRAPPER=/usr/lib/gcc/x86_64-linux-gnu/6/lto-wrapper]
  ignore line: [Target: x86_64-linux-gnu]
  ignore line: [Configured with: ../src/configure -v --with-pkgversion='Debian 6.3.0-18+deb9u1' --with-bugurl=file:///usr/share/doc/gcc-6/README.Bugs --enable-languages=c,ada,c++,java,go,d,fortran,objc,obj-c++ --prefix=/usr --program-suffix=-6 --program-prefix=x86_64-linux-gnu- --enable-shared --enable-linker-build-id --libexecdir=/usr/lib --without-included-gettext --enable-threads=posix --libdir=/usr/lib --enable-nls --with-sysroot=/ --enable-clocale=gnu --enable-libstdcxx-debug --enable-libstdcxx-time=yes --with-default-libstdcxx-abi=new --enable-gnu-unique-object --disable-vtable-verify --enable-libmpx --enable-plugin --enable-default-pie --with-system-zlib --disable-browser-plugin --enable-java-awt=gtk --enable-gtk-cairo --with-java-home=/usr/lib/jvm/java-1.5.0-gcj-6-amd64/jre --enable-java-home --with-jvm-root-dir=/usr/lib/jvm/java-1.5.0-gcj-6-amd64 --with-jvm-jar-dir=/usr/lib/jvm-exports/java-1.5.0-gcj-6-amd64 --with-arch-directory=amd64 --with-ecj-jar=/usr/share/java/eclipse-ecj.jar --with-target-system-zlib --enable-objc-gc=auto --enable-multiarch --with-arch-32=i686 --with-abi=m64 --with-multilib-list=m32,m64,mx32 --enable-multilib --with-tune=generic --enable-checking=release --build=x86_64-linux-gnu --host=x86_64-linux-gnu --target=x86_64-linux-gnu]
  ignore line: [Thread model: posix]
  ignore line: [gcc version 6.3.0 20170516 (Debian 6.3.0-18+deb9u1) ]
  ignore line: [COMPILER_PATH=/usr/lib/gcc/x86_64-linux-gnu/6/:/usr/lib/gcc/x86_64-linux-gnu/6/:/usr/lib/gcc/x86_64-linux-gnu/:/usr/lib/gcc/x86_64-linux-gnu/6/:/usr/lib/gcc/x86_64-linux-gnu/]
  ignore line: [LIBRARY_PATH=/usr/lib/gcc/x86_64-linux-gnu/6/:/usr/lib/gcc/x86_64-linux-gnu/6/../../../x86_64-linux-gnu/:/usr/lib/gcc/x86_64-linux-gnu/6/../../../../lib/:/lib/x86_64-linux-gnu/:/lib/../lib/:/usr/lib/x86_64-linux-gnu/:/usr/lib/../lib/:/usr/lib/gcc/x86_64-linux-gnu/6/../../../:/lib/:/usr/lib/]
  ignore line: [COLLECT_GCC_OPTIONS='-v' '-o' 'cmTC_ae581' '-rdynamic' '-shared-libgcc' '-mtune=generic' '-march=x86-64']
  link line: [ /usr/lib/gcc/x86_64-linux-gnu/6/collect2 -plugin /usr/lib/gcc/x86_64-linux-gnu/6/liblto_plugin.so -plugin-opt=/usr/lib/gcc/x86_64-linux-gnu/6/lto-wrapper -plugin-opt=-fresolution=/tmp/ccbiX2IH.res -plugin-opt=-pass-through=-lgcc_s -plugin-opt=-pass-through=-lgcc -plugin-opt=-pass-through=-lc -plugin-opt=-pass-through=-lgcc_s -plugin-opt=-pass-through=-lgcc --sysroot=/ --build-id --eh-frame-hdr -m elf_x86_64 --hash-style=gnu -export-dynamic -dynamic-linker /lib64/ld-linux-x86-64.so.2 -pie -o cmTC_ae581 /usr/lib/gcc/x86_64-linux-gnu/6/../../../x86_64-linux-gnu/Scrt1.o /usr/lib/gcc/x86_64-linux-gnu/6/../../../x86_64-linux-gnu/crti.o /usr/lib/gcc/x86_64-linux-gnu/6/crtbeginS.o -L/usr/lib/gcc/x86_64-linux-gnu/6 -L/usr/lib/gcc/x86_64-linux-gnu/6/../../../x86_64-linux-gnu -L/usr/lib/gcc/x86_64-linux-gnu/6/../../../../lib -L/lib/x86_64-linux-gnu -L/lib/../lib -L/usr/lib/x86_64-linux-gnu -L/usr/lib/../lib -L/usr/lib/gcc/x86_64-linux-gnu/6/../../.. CMakeFiles/cmTC_ae581.dir/CMakeCXXCompilerABI.cpp.o -lstdc++ -lm -lgcc_s -lgcc -lc -lgcc_s -lgcc /usr/lib/gcc/x86_64-linux-gnu/6/crtendS.o /usr/lib/gcc/x86_64-linux-gnu/6/../../../x86_64-linux-gnu/crtn.o]
    arg [/usr/lib/gcc/x86_64-linux-gnu/6/collect2] ==> ignore
    arg [-plugin] ==> ignore
    arg [/usr/lib/gcc/x86_64-linux-gnu/6/liblto_plugin.so] ==> ignore
    arg [-plugin-opt=/usr/lib/gcc/x86_64-linux-gnu/6/lto-wrapper] ==> ignore
    arg [-plugin-opt=-fresolution=/tmp/ccbiX2IH.res] ==> ignore
    arg [-plugin-opt=-pass-through=-lgcc_s] ==> ignore
    arg [-plugin-opt=-pass-through=-lgcc] ==> ignore
    arg [-plugin-opt=-pass-through=-lc] ==> ignore
    arg [-plugin-opt=-pass-through=-lgcc_s] ==> ignore
    arg [-plugin-opt=-pass-through=-lgcc] ==> ignore
    arg [--sysroot=/] ==> ignore
    arg [--build-id] ==> ignore
    arg [--eh-frame-hdr] ==> ignore
    arg [-m] ==> ignore
    arg [elf_x86_64] ==> ignore
    arg [--hash-style=gnu] ==> ignore
    arg [-export-dynamic] ==> ignore
    arg [-dynamic-linker] ==> ignore
    arg [/lib64/ld-linux-x86-64.so.2] ==> ignore
    arg [-pie] ==> ignore
    arg [-o] ==> ignore
    arg [cmTC_ae581] ==> ignore
    arg [/usr/lib/gcc/x86_64-linux-gnu/6/../../../x86_64-linux-gnu/Scrt1.o] ==> ignore
    arg [/usr/lib/gcc/x86_64-linux-gnu/6/../../../x86_64-linux-gnu/crti.o] ==> ignore
    arg [/usr/lib/gcc/x86_64-linux-gnu/6/crtbeginS.o] ==> ignore
    arg [-L/usr/lib/gcc/x86_64-linux-gnu/6] ==> dir [/usr/lib/gcc/x86_64-linux-gnu/6]
    arg [-L/usr/lib/gcc/x86_64-linux-gnu/6/../../../x86_64-linux-gnu] ==> dir [/usr/lib/gcc/x86_64-linux-gnu/6/../../../x86_64-linux-gnu]
    arg [-L/usr/lib/gcc/x86_64-linux-gnu/6/../../../../lib] ==> dir [/usr/lib/gcc/x86_64-linux-gnu/6/../../../../lib]
    arg [-L/lib/x86_64-linux-gnu] ==> dir [/lib/x86_64-linux-gnu]
    arg [-L/lib/../lib] ==> dir [/lib/../lib]
    arg [-L/usr/lib/x86_64-linux-gnu] ==> dir [/usr/lib/x86_64-linux-gnu]
    arg [-L/usr/lib/../lib] ==> dir [/usr/lib/../lib]
    arg [-L/usr/lib/gcc/x86_64-linux-gnu/6/../../..] ==> dir [/usr/lib/gcc/x86_64-linux-gnu/6/../../..]
    arg [CMakeFiles/cmTC_ae581.dir/CMakeCXXCompilerABI.cpp.o] ==> ignore
    arg [-lstdc++] ==> lib [stdc++]
    arg [-lm] ==> lib [m]
    arg [-lgcc_s] ==> lib [gcc_s]
    arg [-lgcc] ==> lib [gcc]
    arg [-lc] ==> lib [c]
    arg [-lgcc_s] ==> lib [gcc_s]
    arg [-lgcc] ==> lib [gcc]
    arg [/usr/lib/gcc/x86_64-linux-gnu/6/crtendS.o] ==> ignore
    arg [/usr/lib/gcc/x86_64-linux-gnu/6/../../../x86_64-linux-gnu/crtn.o] ==> ignore
  remove lib [gcc_s]
  remove lib [gcc]
  remove lib [gcc_s]
  remove lib [gcc]
  collapse library dir [/usr/lib/gcc/x86_64-linux-gnu/6] ==> [/usr/lib/gcc/x86_64-linux-gnu/6]
  collapse library dir [/usr/lib/gcc/x86_64-linux-gnu/6/../../../x86_64-linux-gnu] ==> [/usr/lib/x86_64-linux-gnu]
  collapse library dir [/usr/lib/gcc/x86_64-linux-gnu/6/../../../../lib] ==> [/usr/lib]
  collapse library dir [/lib/x86_64-linux-gnu] ==> [/lib/x86_64-linux-gnu]
  collapse library dir [/lib/../lib] ==> [/lib]
  collapse library dir [/usr/lib/x86_64-linux-gnu] ==> [/usr/lib/x86_64-linux-gnu]
  collapse library dir [/usr/lib/../lib] ==> [/usr/lib]
  collapse library dir [/usr/lib/gcc/x86_64-linux-gnu/6/../../..] ==> [/usr/lib]
  implicit libs: [stdc++;m;c]
  implicit dirs: [/usr/lib/gcc/x86_64-linux-gnu/6;/usr/lib/x86_64-linux-gnu;/usr/lib;/lib/x86_64-linux-gnu;/lib]
  implicit fwks: []




Detecting CXX [-std=c++14] compiler features compiled with the following output:
Change Dir: /home/misha/untitled2/_build/CMakeFiles/CMakeTmp

Run Build Command:"/usr/bin/ninja" "cmTC_7869d"
[1/2] Building CXX object CMakeFiles/cmTC_7869d.dir/feature_tests.cxx.o
[2/2] Linking CXX executable cmTC_7869d


    Feature record: CXX_FEATURE:1cxx_aggregate_default_initializers
    Feature record: CXX_FEATURE:1cxx_alias_templates
    Feature record: CXX_FEATURE:1cxx_alignas
    Feature record: CXX_FEATURE:1cxx_alignof
    Feature record: CXX_FEATURE:1cxx_attributes
    Feature record: CXX_FEATURE:1cxx_attribute_deprecated
    Feature record: CXX_FEATURE:1cxx_auto_type
    Feature record: CXX_FEATURE:1cxx_binary_literals
    Feature record: CXX_FEATURE:1cxx_constexpr
    Feature record: CXX_FEATURE:1cxx_contextual_conversions
    Feature record: CXX_FEATURE:1cxx_decltype
    Feature record: CXX_FEATURE:1cxx_decltype_auto
    Feature record: CXX_FEATURE:1cxx_decltype_incomplete_return_types
    Feature record: CXX_FEATURE:1cxx_default_function_template_args
    Feature record: CXX_FEATURE:1cxx_defaulted_functions
    Feature record: CXX_FEATURE:1cxx_defaulted_move_initializers
    Feature record: CXX_FEATURE:1cxx_delegating_constructors
    Feature record: CXX_FEATURE:1cxx_deleted_functions
    Feature record: CXX_FEATURE:1cxx_digit_separators
    Feature record: CXX_FEATURE:1cxx_enum_forward_declarations
    Feature record: CXX_FEATURE:1cxx_explicit_conversions
    Feature record: CXX_FEATURE:1cxx_extended_friend_declarations
    Feature record: CXX_FEATURE:1cxx_extern_templates
    Feature record: CXX_FEATURE:1cxx_final
    Feature record: CXX_FEATURE:1cxx_func_identifier
    Feature record: CXX_FEATURE:1cxx_generalized_initializers
    Feature record: CXX_FEATURE:1cxx_generic_lambdas
    Feature record: CXX_FEATURE:1cxx_inheriting_constructors
    Feature record: CXX_FEATURE:1cxx_inline_namespaces
    Feature record: CXX_FEATURE:1cxx_lambdas
    Feature record: CXX_FEATURE:1cxx_lambda_init_captures
    Feature record: CXX_FEATURE:1cxx_local_type_template_args
    Feature record: CXX_FEATURE:1cxx_long_long_type
    Feature record: CXX_FEATURE:1cxx_noexcept
    Feature record: CXX_FEATURE:1cxx_nonstatic_member_init
    Feature record: CXX_FEATURE:1cxx_nullptr
    Feature record: CXX_FEATURE:1cxx_override
    Feature record: CXX_FEATURE:1cxx_range_for
    Feature record: CXX_FEATURE:1cxx_raw_string_literals
    Feature record: CXX_FEATURE:1cxx_reference_qualified_functions
    Feature record: CXX_FEATURE:1cxx_relaxed_constexpr
    Feature record: CXX_FEATURE:1cxx_return_type_deduction
    Feature record: CXX_FEATURE:1cxx_right_angle_brackets
    Feature record: CXX_FEATURE:1cxx_rvalue_references
    Feature record: CXX_FEATURE:1cxx_sizeof_member
    Feature record: CXX_FEATURE:1cxx_static_assert
    Feature record: CXX_FEATURE:1cxx_strong_enums
    Feature record: CXX_FEATURE:1cxx_template_template_parameters
    Feature record: CXX_FEATURE:1cxx_thread_local
    Feature record: CXX_FEATURE:1cxx_trailing_return_types
    Feature record: CXX_FEATURE:1cxx_unicode_literals
    Feature record: CXX_FEATURE:1cxx_uniform_initialization
    Feature record: CXX_FEATURE:1cxx_unrestricted_unions
    Feature record: CXX_FEATURE:1cxx_user_literals
    Feature record: CXX_FEATURE:1cxx_variable_templates
    Feature record: CXX_FEATURE:1cxx_variadic_macros
    Feature record: CXX_FEATURE:1cxx_variadic_templates


Detecting CXX [-std=c++11] compiler features compiled with the following output:
Change Dir: /home/misha/untitled2/_build/CMakeFiles/CMakeTmp

Run Build Command:"/usr/bin/ninja" "cmTC_84d28"
[1/2] Building CXX object CMakeFiles/cmTC_84d28.dir/feature_tests.cxx.o
[2/2] Linking CXX executable cmTC_84d28


    Feature record: CXX_FEATURE:0cxx_aggregate_default_initializers
    Feature record: CXX_FEATURE:1cxx_alias_templates
    Feature record: CXX_FEATURE:1cxx_alignas
    Feature record: CXX_FEATURE:1cxx_alignof
    Feature record: CXX_FEATURE:1cxx_attributes
    Feature record: CXX_FEATURE:0cxx_attribute_deprecated
    Feature record: CXX_FEATURE:1cxx_auto_type
    Feature record: CXX_FEATURE:0cxx_binary_literals
    Feature record: CXX_FEATURE:1cxx_constexpr
    Feature record: CXX_FEATURE:0cxx_contextual_conversions
    Feature record: CXX_FEATURE:1cxx_decltype
    Feature record: CXX_FEATURE:0cxx_decltype_auto
    Feature record: CXX_FEATURE:1cxx_decltype_incomplete_return_types
    Feature record: CXX_FEATURE:1cxx_default_function_template_args
    Feature record: CXX_FEATURE:1cxx_defaulted_functions
    Feature record: CXX_FEATURE:1cxx_defaulted_move_initializers
    Feature record: CXX_FEATURE:1cxx_delegating_constructors
    Feature record: CXX_FEATURE:1cxx_deleted_functions
    Feature record: CXX_FEATURE:0cxx_digit_separators
    Feature record: CXX_FEATURE:1cxx_enum_forward_declarations
    Feature record: CXX_FEATURE:1cxx_explicit_conversions
    Feature record: CXX_FEATURE:1cxx_extended_friend_declarations
    Feature record: CXX_FEATURE:1cxx_extern_templates
    Feature record: CXX_FEATURE:1cxx_final
    Feature record: CXX_FEATURE:1cxx_func_identifier
    Feature record: CXX_FEATURE:1cxx_generalized_initializers
    Feature record: CXX_FEATURE:0cxx_generic_lambdas
    Feature record: CXX_FEATURE:1cxx_inheriting_constructors
    Feature record: CXX_FEATURE:1cxx_inline_namespaces
    Feature record: CXX_FEATURE:1cxx_lambdas
    Feature record: CXX_FEATURE:0cxx_lambda_init_captures
    Feature record: CXX_FEATURE:1cxx_local_type_template_args
    Feature record: CXX_FEATURE:1cxx_long_long_type
    Feature record: CXX_FEATURE:1cxx_noexcept
    Feature record: CXX_FEATURE:1cxx_nonstatic_member_init
    Feature record: CXX_FEATURE:1cxx_nullptr
    Feature record: CXX_FEATURE:1cxx_override
    Feature record: CXX_FEATURE:1cxx_range_for
    Feature record: CXX_FEATURE:1cxx_raw_string_literals
    Feature record: CXX_FEATURE:1cxx_reference_qualified_functions
    Feature record: CXX_FEATURE:0cxx_relaxed_constexpr
    Feature record: CXX_FEATURE:0cxx_return_type_deduction
    Feature record: CXX_FEATURE:1cxx_right_angle_brackets
    Feature record: CXX_FEATURE:1cxx_rvalue_references
    Feature record: CXX_FEATURE:1cxx_sizeof_member
    Feature record: CXX_FEATURE:1cxx_static_assert
    Feature record: CXX_FEATURE:1cxx_strong_enums
    Feature record: CXX_FEATURE:1cxx_template_template_parameters
    Feature record: CXX_FEATURE:1cxx_thread_local
    Feature record: CXX_FEATURE:1cxx_trailing_return_types
    Feature record: CXX_FEATURE:1cxx_unicode_literals
    Feature record: CXX_FEATURE:1cxx_uniform_initialization
    Feature record: CXX_FEATURE:1cxx_unrestricted_unions
    Feature record: CXX_FEATURE:1cxx_user_literals
    Feature record: CXX_FEATURE:0cxx_variable_templates
    Feature record: CXX_FEATURE:1cxx_variadic_macros
    Feature record: CXX_FEATURE:1cxx_variadic_templates


Detecting CXX [-std=c++98] compiler features compiled with the following output:
Change Dir: /home/misha/untitled2/_build/CMakeFiles/CMakeTmp

Run Build Command:"/usr/bin/ninja" "cmTC_3dee8"
[1/2] Building CXX object CMakeFiles/cmTC_3dee8.dir/feature_tests.cxx.o
[2/2] Linking CXX executable cmTC_3dee8


    Feature record: CXX_FEATURE:0cxx_aggregate_default_initializers
    Feature record: CXX_FEATURE:0cxx_alias_templates
    Feature record: CXX_FEATURE:0cxx_alignas
    Feature record: CXX_FEATURE:0cxx_alignof
    Feature record: CXX_FEATURE:0cxx_attributes
    Feature record: CXX_FEATURE:0cxx_attribute_deprecated
    Feature record: CXX_FEATURE:0cxx_auto_type
    Feature record: CXX_FEATURE:0cxx_binary_literals
    Feature record: CXX_FEATURE:0cxx_constexpr
    Feature record: CXX_FEATURE:0cxx_contextual_conversions
    Feature record: CXX_FEATURE:0cxx_decltype
    Feature record: CXX_FEATURE:0cxx_decltype_auto
    Feature record: CXX_FEATURE:0cxx_decltype_incomplete_return_types
    Feature record: CXX_FEATURE:0cxx_default_function_template_args
    Feature record: CXX_FEATURE:0cxx_defaulted_functions
    Feature record: CXX_FEATURE:0cxx_defaulted_move_initializers
    Feature record: CXX_FEATURE:0cxx_delegating_constructors
    Feature record: CXX_FEATURE:0cxx_deleted_functions
    Feature record: CXX_FEATURE:0cxx_digit_separators
    Feature record: CXX_FEATURE:0cxx_enum_forward_declarations
    Feature record: CXX_FEATURE:0cxx_explicit_conversions
    Feature record: CXX_FEATURE:0cxx_extended_friend_declarations
    Feature record: CXX_FEATURE:0cxx_extern_templates
    Feature record: CXX_FEATURE:0cxx_final
    Feature record: CXX_FEATURE:0cxx_func_identifier
    Feature record: CXX_FEATURE:0cxx_generalized_initializers
    Feature record: CXX_FEATURE:0cxx_generic_lambdas
    Feature record: CXX_FEATURE:0cxx_inheriting_constructors
    Feature record: CXX_FEATURE:0cxx_inline_namespaces
    Feature record: CXX_FEATURE:0cxx_lambdas
    Feature record: CXX_FEATURE:0cxx_lambda_init_captures
    Feature record: CXX_FEATURE:0cxx_local_type_template_args
    Feature record: CXX_FEATURE:0cxx_long_long_type
    Feature record: CXX_FEATURE:0cxx_noexcept
    Feature record: CXX_FEATURE:0cxx_nonstatic_member_init
    Feature record: CXX_FEATURE:0cxx_nullptr
    Feature record: CXX_FEATURE:0cxx_override
    Feature record: CXX_FEATURE:0cxx_range_for
    Feature record: CXX_FEATURE:0cxx_raw_string_literals
    Feature record: CXX_FEATURE:0cxx_reference_qualified_functions
    Feature record: CXX_FEATURE:0cxx_relaxed_constexpr
    Feature record: CXX_FEATURE:0cxx_return_type_deduction
    Feature record: CXX_FEATURE:0cxx_right_angle_brackets
    Feature record: CXX_FEATURE:0cxx_rvalue_references
    Feature record: CXX_FEATURE:0cxx_sizeof_member
    Feature record: CXX_FEATURE:0cxx_static_assert
    Feature record: CXX_FEATURE:0cxx_strong_enums
    Feature record: CXX_FEATURE:1cxx_template_template_parameters
    Feature record: CXX_FEATURE:0cxx_thread_local
    Feature record: CXX_FEATURE:0cxx_trailing_return_types
    Feature record: CXX_FEATURE:0cxx_unicode_literals
    Feature record: CXX_FEATURE:0cxx_uniform_initialization
    Feature record: CXX_FEATURE:0cxx_unrestricted_unions
    Feature record: CXX_FEATURE:0cxx_user_literals
    Feature record: CXX_FEATURE:0cxx_variable_templates
    Feature record: CXX_FEATURE:0cxx_variadic_macros
    Feature record: CXX_FEATURE:0cxx_variadic_templates
Performing C SOURCE FILE Test ASan_FLAG_DETECTED succeeded with the following output:
Change Dir: /home/misha/untitled2/_build/CMakeFiles/CMakeTmp

Run Build Command:"/usr/bin/ninja" "cmTC_2a399"
[1/2] Building C object CMakeFiles/cmTC_2a399.dir/src.c.o
[2/2] Linking C executable cmTC_2a399

Source file was:
int main(void) { return 0; }
Performing C SOURCE FILE Test TSan_FLAG_DETECTED succeeded with the following output:
Change Dir: /home/misha/untitled2/_build/CMakeFiles/CMakeTmp

Run Build Command:"/usr/bin/ninja" "cmTC_75d50"
[1/2] Building C object CMakeFiles/cmTC_75d50.dir/src.c.o
[2/2] Linking C executable cmTC_75d50

Source file was:
int main(void) { return 0; }
Performing C SOURCE FILE Test UBSan_FLAG_DETECTED succeeded with the following output:
Change Dir: /home/misha/untitled2/_build/CMakeFiles/CMakeTmp

Run Build Command:"/usr/bin/ninja" "cmTC_c0c1f"
[1/2] Building C object CMakeFiles/cmTC_c0c1f.dir/src.c.o
[2/2] Linking C executable cmTC_c0c1f

Source file was:
int main(void) { return 0; }
Performing C SOURCE FILE Test LeakSan_FLAG_DETECTED succeeded with the following output:
Change Dir: /home/misha/untitled2/_build/CMakeFiles/CMakeTmp

Run Build Command:"/usr/bin/ninja" "cmTC_09c24"
[1/2] Building C object CMakeFiles/cmTC_09c24.dir/src.c.o
[2/2] Linking C executable cmTC_09c24

Source file was:
int main(void) { return 0; }
Performing C++ SOURCE FILE Test CHECK_CXX_FLAG_DEBUG succeeded with the following output:
Change Dir: /home/misha/untitled2/_build/CMakeFiles/CMakeTmp

Run Build Command:"/usr/bin/ninja" "cmTC_6e35e"
[1/2] Building CXX object CMakeFiles/cmTC_6e35e.dir/src.cxx.o
[2/2] Linking CXX executable cmTC_6e35e

Source file was:
int main() { return 0; }
Performing C++ SOURCE FILE Test CHECK_CXX_FLAG_DEBUG succeeded with the following output:
Change Dir: /home/misha/untitled2/_build/CMakeFiles/CMakeTmp

Run Build Command:"/usr/bin/ninja" "cmTC_39829"
[1/2] Building CXX object CMakeFiles/cmTC_39829.dir/src.cxx.o
[2/2] Linking CXX executable cmTC_39829

Source file was:
int main() { return 0; }
Performing C++ SOURCE FILE Test CHECK_CXX_FLAG_DEBUG succeeded with the following output:
Change Dir: /home/misha/untitled2/_build/CMakeFiles/CMakeTmp

Run Build Command:"/usr/bin/ninja" "cmTC_9aa37"
[1/2] Building CXX object CMakeFiles/cmTC_9aa37.dir/src.cxx.o
[2/2] Linking CXX executable cmTC_9aa37

Source file was:
int main() { return 0; }
Performing C++ SOURCE FILE Test CHECK_CXX_FLAG_DEBUG succeeded with the following output:
Change Dir: /home/misha/untitled2/_build/CMakeFiles/CMakeTmp

Run Build Command:"/usr/bin/ninja" "cmTC_9ce0a"
[1/2] Building CXX object CMakeFiles/cmTC_9ce0a.dir/src.cxx.o
[2/2] Linking CXX executable cmTC_9ce0a

Source file was:
int main() { return 0; }
Performing C++ SOURCE FILE Test CHECK_CXX_FLAG_DEBUG succeeded with the following output:
Change Dir: /home/misha/untitled2/_build/CMakeFiles/CMakeTmp

Run Build Command:"/usr/bin/ninja" "cmTC_b9e09"
[1/2] Building CXX object CMakeFiles/cmTC_b9e09.dir/src.cxx.o
[2/2] Linking CXX executable cmTC_b9e09

Source file was:
int main() { return 0; }
Performing C++ SOURCE FILE Test CHECK_CXX_FLAG_DEBUG succeeded with the following output:
Change Dir: /home/misha/untitled2/_build/CMakeFiles/CMakeTmp

Run Build Command:"/usr/bin/ninja" "cmTC_7ace3"
[1/2] Building CXX object CMakeFiles/cmTC_7ace3.dir/src.cxx.o
[2/2] Linking CXX executable cmTC_7ace3

Source file was:
int main() { return 0; }
Performing C++ SOURCE FILE Test CHECK_CXX_FLAG_DEBUG succeeded with the following output:
Change Dir: /home/misha/untitled2/_build/CMakeFiles/CMakeTmp

Run Build Command:"/usr/bin/ninja" "cmTC_da060"
[1/2] Building CXX object CMakeFiles/cmTC_da060.dir/src.cxx.o
[2/2] Linking CXX executable cmTC_da060

Source file was:
int main() { return 0; }
Performing C++ SOURCE FILE Test CHECK_CXX_FLAG succeeded with the following output:
Change Dir: /home/misha/untitled2/_build/CMakeFiles/CMakeTmp

Run Build Command:"/usr/bin/ninja" "cmTC_a6102"
[1/2] Building CXX object CMakeFiles/cmTC_a6102.dir/src.cxx.o
[2/2] Linking CXX executable cmTC_a6102

Source file was:
int main() { return 0; }
Performing C++ SOURCE FILE Test CHECK_CXX_FLAG_DEBUG succeeded with the following output:
Change Dir: /home/misha/untitled2/_build/CMakeFiles/CMakeTmp

Run Build Command:"/usr/bin/ninja" "cmTC_449d0"
[1/2] Building CXX object CMakeFiles/cmTC_449d0.dir/src.cxx.o
[2/2] Linking CXX executable cmTC_449d0

Source file was:
int main() { return 0; }
Performing C++ SOURCE FILE Test CHECK_CXX_FLAG_DEBUG succeeded with the following output:
Change Dir: /home/misha/untitled2/_build/CMakeFiles/CMakeTmp

Run Build Command:"/usr/bin/ninja" "cmTC_cca97"
[1/2] Building CXX object CMakeFiles/cmTC_cca97.dir/src.cxx.o
[2/2] Linking CXX executable cmTC_cca97

Source file was:
int main() { return 0; }
Performing C++ SOURCE FILE Test CHECK_CXX_FLAG_DEBUG succeeded with the following output:
Change Dir: /home/misha/untitled2/_build/CMakeFiles/CMakeTmp

Run Build Command:"/usr/bin/ninja" "cmTC_141c7"
[1/2] Building CXX object CMakeFiles/cmTC_141c7.dir/src.cxx.o
[2/2] Linking CXX executable cmTC_141c7

Source file was:
int main() { return 0; }
Performing C++ SOURCE FILE Test CHECK_CXX_FLAG_DEBUG succeeded with the following output:
Change Dir: /home/misha/untitled2/_build/CMakeFiles/CMakeTmp

Run Build Command:"/usr/bin/ninja" "cmTC_ba32d"
[1/2] Building CXX object CMakeFiles/cmTC_ba32d.dir/src.cxx.o
[2/2] Linking CXX executable cmTC_ba32d

Source file was:
int main() { return 0; }
Performing C++ SOURCE FILE Test CHECK_CXX_FLAG_DEBUG succeeded with the following output:
Change Dir: /home/misha/untitled2/_build/CMakeFiles/CMakeTmp

Run Build Command:"/usr/bin/ninja" "cmTC_73084"
[1/2] Building CXX object CMakeFiles/cmTC_73084.dir/src.cxx.o
[2/2] Linking CXX executable cmTC_73084

Source file was:
int main() { return 0; }
Performing C++ SOURCE FILE Test CHECK_CXX_FLAG_DEBUG succeeded with the following output:
Change Dir: /home/misha/untitled2/_build/CMakeFiles/CMakeTmp

Run Build Command:"/usr/bin/ninja" "cmTC_d37f3"
[1/2] Building CXX object CMakeFiles/cmTC_d37f3.dir/src.cxx.o
[2/2] Linking CXX executable cmTC_d37f3

Source file was:
int main() { return 0; }
Performing C++ SOURCE FILE Test CHECK_CXX_FLAG_DEBUG succeeded with the following output:
Change Dir: /home/misha/untitled2/_build/CMakeFiles/CMakeTmp

Run Build Command:"/usr/bin/ninja" "cmTC_e68b7"
[1/2] Building CXX object CMakeFiles/cmTC_e68b7.dir/src.cxx.o
[2/2] Linking CXX executable cmTC_e68b7

Source file was:
int main() { return 0; }
Performing C++ SOURCE FILE Test CHECK_CXX_FLAG_DEBUG succeeded with the following output:
Change Dir: /home/misha/untitled2/_build/CMakeFiles/CMakeTmp

Run Build Command:"/usr/bin/ninja" "cmTC_36269"
[1/2] Building CXX object CMakeFiles/cmTC_36269.dir/src.cxx.o
[2/2] Linking CXX executable cmTC_36269

Source file was:
int main() { return 0; }
Performing C++ SOURCE FILE Test CHECK_CXX_FLAG_DEBUG succeeded with the following output:
Change Dir: /home/misha/untitled2/_build/CMakeFiles/CMakeTmp

Run Build Command:"/usr/bin/ninja" "cmTC_2eaa6"
[1/2] Building CXX object CMakeFiles/cmTC_2eaa6.dir/src.cxx.o
[2/2] Linking CXX executable cmTC_2eaa6

Source file was:
int main() { return 0; }
Performing C++ SOURCE FILE Test CHECK_CXX_FLAG_DEBUG succeeded with the following output:
Change Dir: /home/misha/untitled2/_build/CMakeFiles/CMakeTmp

Run Build Command:"/usr/bin/ninja" "cmTC_4a317"
[1/2] Building CXX object CMakeFiles/cmTC_4a317.dir/src.cxx.o
[2/2] Linking CXX executable cmTC_4a317

Source file was:
int main() { return 0; }
Performing C++ SOURCE FILE Test CHECK_CXX_FLAG_DEBUG succeeded with the following output:
Change Dir: /home/misha/untitled2/_build/CMakeFiles/CMakeTmp

Run Build Command:"/usr/bin/ninja" "cmTC_5ebfe"
[1/2] Building CXX object CMakeFiles/cmTC_5ebfe.dir/src.cxx.o
[2/2] Linking CXX executable cmTC_5ebfe

Source file was:
int main() { return 0; }
Performing C++ SOURCE FILE Test CHECK_CXX_FLAG_DEBUG succeeded with the following output:
Change Dir: /home/misha/untitled2/_build/CMakeFiles/CMakeTmp

Run Build Command:"/usr/bin/ninja" "cmTC_819d9"
[1/2] Building CXX object CMakeFiles/cmTC_819d9.dir/src.cxx.o
[2/2] Linking CXX executable cmTC_819d9

Source file was:
int main() { return 0; }
Performing C++ SOURCE FILE Test CHECK_CXX_FLAG_DEBUG succeeded with the following output:
Change Dir: /home/misha/untitled2/_build/CMakeFiles/CMakeTmp

Run Build Command:"/usr/bin/ninja" "cmTC_fbb05"
[1/2] Building CXX object CMakeFiles/cmTC_fbb05.dir/src.cxx.o
[2/2] Linking CXX executable cmTC_fbb05

Source file was:
int main() { return 0; }
Performing C++ SOURCE FILE Test CHECK_CXX_FLAG_DEBUG succeeded with the following output:
Change Dir: /home/misha/untitled2/_build/CMakeFiles/CMakeTmp

Run Build Command:"/usr/bin/ninja" "cmTC_1d25e"
[1/2] Building CXX object CMakeFiles/cmTC_1d25e.dir/src.cxx.o
[2/2] Linking CXX executable cmTC_1d25e

Source file was:
int main() { return 0; }
Performing C++ SOURCE FILE Test CHECK_CXX_FLAG_DEBUG succeeded with the following output:
Change Dir: /home/misha/untitled2/_build/CMakeFiles/CMakeTmp

Run Build Command:"/usr/bin/ninja" "cmTC_e1b5f"
[1/2] Building CXX object CMakeFiles/cmTC_e1b5f.dir/src.cxx.o
[2/2] Linking CXX executable cmTC_e1b5f

Source file was:
int main() { return 0; }
Performing C++ SOURCE FILE Test CHECK_CXX_FLAG_DEBUG succeeded with the following output:
Change Dir: /home/misha/untitled2/_build/CMakeFiles/CMakeTmp

Run Build Command:"/usr/bin/ninja" "cmTC_61ab0"
[1/2] Building CXX object CMakeFiles/cmTC_61ab0.dir/src.cxx.o
[2/2] Linking CXX executable cmTC_61ab0

Source file was:
int main() { return 0; }
Performing C++ SOURCE FILE Test CHECK_CXX_FLAG_DEBUG succeeded with the following output:
Change Dir: /home/misha/untitled2/_build/CMakeFiles/CMakeTmp

Run Build Command:"/usr/bin/ninja" "cmTC_a5bde"
[1/2] Building CXX object CMakeFiles/cmTC_a5bde.dir/src.cxx.o
[2/2] Linking CXX executable cmTC_a5bde

Source file was:
int main() { return 0; }
Performing C++ SOURCE FILE Test CHECK_CXX_FLAG_DEBUG succeeded with the following output:
Change Dir: /home/misha/untitled2/_build/CMakeFiles/CMakeTmp

Run Build Command:"/usr/bin/ninja" "cmTC_bc1ad"
[1/2] Building CXX object CMakeFiles/cmTC_bc1ad.dir/src.cxx.o
[2/2] Linking CXX executable cmTC_bc1ad

Source file was:
int main() { return 0; }
Performing C++ SOURCE FILE Test CHECK_CXX_FLAG_DEBUG succeeded with the following output:
Change Dir: /home/misha/untitled2/_build/CMakeFiles/CMakeTmp

Run Build Command:"/usr/bin/ninja" "cmTC_4e1c4"
[1/2] Building CXX object CMakeFiles/cmTC_4e1c4.dir/src.cxx.o
[2/2] Linking CXX executable cmTC_4e1c4

Source file was:
int main() { return 0; }
Performing C++ SOURCE FILE Test CHECK_CXX_FLAG_DEBUG succeeded with the following output:
Change Dir: /home/misha/untitled2/_build/CMakeFiles/CMakeTmp

Run Build Command:"/usr/bin/ninja" "cmTC_b49f5"
[1/2] Building CXX object CMakeFiles/cmTC_b49f5.dir/src.cxx.o
[2/2] Linking CXX executable cmTC_b49f5

Source file was:
int main() { return 0; }
Performing C++ SOURCE FILE Test CHECK_CXX_FLAG_DEBUG succeeded with the following output:
Change Dir: /home/misha/untitled2/_build/CMakeFiles/CMakeTmp

Run Build Command:"/usr/bin/ninja" "cmTC_e527c"
[1/2] Building CXX object CMakeFiles/cmTC_e527c.dir/src.cxx.o
[2/2] Linking CXX executable cmTC_e527c

Source file was:
int main() { return 0; }
Performing C++ SOURCE FILE Test CHECK_CXX_FLAG_DEBUG succeeded with the following output:
Change Dir: /home/misha/untitled2/_build/CMakeFiles/CMakeTmp

Run Build Command:"/usr/bin/ninja" "cmTC_e7541"
[1/2] Building CXX object CMakeFiles/cmTC_e7541.dir/src.cxx.o
[2/2] Linking CXX executable cmTC_e7541

Source file was:
int main() { return 0; }
Performing C++ SOURCE FILE Test CHECK_CXX_FLAG_DEBUG succeeded with the following output:
Change Dir: /home/misha/untitled2/_build/CMakeFiles/CMakeTmp

Run Build Command:"/usr/bin/ninja" "cmTC_06c28"
[1/2] Building CXX object CMakeFiles/cmTC_06c28.dir/src.cxx.o
[2/2] Linking CXX executable cmTC_06c28

Source file was:
int main() { return 0; }
Performing C++ SOURCE FILE Test CHECK_CXX_FLAG_DEBUG succeeded with the following output:
Change Dir: /home/misha/untitled2/_build/CMakeFiles/CMakeTmp

Run Build Command:"/usr/bin/ninja" "cmTC_a9720"
[1/2] Building CXX object CMakeFiles/cmTC_a9720.dir/src.cxx.o
[2/2] Linking CXX executable cmTC_a9720

Source file was:
int main() { return 0; }
Performing C++ SOURCE FILE Test CHECK_CXX_FLAG_DEBUG succeeded with the following output:
Change Dir: /home/misha/untitled2/_build/CMakeFiles/CMakeTmp

Run Build Command:"/usr/bin/ninja" "cmTC_9213b"
[1/2] Building CXX object CMakeFiles/cmTC_9213b.dir/src.cxx.o
[2/2] Linking CXX executable cmTC_9213b

Source file was:
int main() { return 0; }
Performing C++ SOURCE FILE Test CHECK_CXX_FLAG_DEBUG succeeded with the following output:
Change Dir: /home/misha/untitled2/_build/CMakeFiles/CMakeTmp

Run Build Command:"/usr/bin/ninja" "cmTC_e8e43"
[1/2] Building CXX object CMakeFiles/cmTC_e8e43.dir/src.cxx.o
[2/2] Linking CXX executable cmTC_e8e43

Source file was:
int main() { return 0; }
Performing C++ SOURCE FILE Test CHECK_CXX_FLAG_DEBUG succeeded with the following output:
Change Dir: /home/misha/untitled2/_build/CMakeFiles/CMakeTmp

Run Build Command:"/usr/bin/ninja" "cmTC_d8b98"
[1/2] Building CXX object CMakeFiles/cmTC_d8b98.dir/src.cxx.o
[2/2] Linking CXX executable cmTC_d8b98

Source file was:
int main() { return 0; }
Performing C++ SOURCE FILE Test CHECK_CXX_FLAG_DEBUG succeeded with the following output:
Change Dir: /home/misha/untitled2/_build/CMakeFiles/CMakeTmp

Run Build Command:"/usr/bin/ninja" "cmTC_7cbdb"
[1/2] Building CXX object CMakeFiles/cmTC_7cbdb.dir/src.cxx.o
[2/2] Linking CXX executable cmTC_7cbdb

Source file was:
int main() { return 0; }
Performing C++ SOURCE FILE Test CHECK_CXX_FLAG_DEBUG succeeded with the following output:
Change Dir: /home/misha/untitled2/_build/CMakeFiles/CMakeTmp

Run Build Command:"/usr/bin/ninja" "cmTC_07d11"
[1/2] Building CXX object CMakeFiles/cmTC_07d11.dir/src.cxx.o
[2/2] Linking CXX executable cmTC_07d11

Source file was:
int main() { return 0; }
Performing C++ SOURCE FILE Test CHECK_CXX_FLAG_DEBUG succeeded with the following output:
Change Dir: /home/misha/untitled2/_build/CMakeFiles/CMakeTmp

Run Build Command:"/usr/bin/ninja" "cmTC_27c37"
[1/2] Building CXX object CMakeFiles/cmTC_27c37.dir/src.cxx.o
[2/2] Linking CXX executable cmTC_27c37

Source file was:
int main() { return 0; }
Performing C++ SOURCE FILE Test CHECK_CXX_FLAG_DEBUG succeeded with the following output:
Change Dir: /home/misha/untitled2/_build/CMakeFiles/CMakeTmp

Run Build Command:"/usr/bin/ninja" "cmTC_0332f"
[1/2] Building CXX object CMakeFiles/cmTC_0332f.dir/src.cxx.o
[2/2] Linking CXX executable cmTC_0332f

Source file was:
int main() { return 0; }
Performing C++ SOURCE FILE Test CHECK_CXX_FLAG_DEBUG succeeded with the following output:
Change Dir: /home/misha/untitled2/_build/CMakeFiles/CMakeTmp

Run Build Command:"/usr/bin/ninja" "cmTC_c9e8f"
[1/2] Building CXX object CMakeFiles/cmTC_c9e8f.dir/src.cxx.o
[2/2] Linking CXX executable cmTC_c9e8f

Source file was:
int main() { return 0; }
Performing C++ SOURCE FILE Test CHECK_CXX_FLAG_DEBUG succeeded with the following output:
Change Dir: /home/misha/untitled2/_build/CMakeFiles/CMakeTmp

Run Build Command:"/usr/bin/ninja" "cmTC_8a796"
[1/2] Building CXX object CMakeFiles/cmTC_8a796.dir/src.cxx.o
[2/2] Linking CXX executable cmTC_8a796

Source file was:
int main() { return 0; }
Performing C++ SOURCE FILE Test CHECK_CXX_FLAG_DEBUG succeeded with the following output:
Change Dir: /home/misha/untitled2/_build/CMakeFiles/CMakeTmp

Run Build Command:"/usr/bin/ninja" "cmTC_d6461"
[1/2] Building CXX object CMakeFiles/cmTC_d6461.dir/src.cxx.o
[2/2] Linking CXX executable cmTC_d6461

Source file was:
int main() { return 0; }
Performing C++ SOURCE FILE Test CHECK_CXX_FLAG_DEBUG succeeded with the following output:
Change Dir: /home/misha/untitled2/_build/CMakeFiles/CMakeTmp

Run Build Command:"/usr/bin/ninja" "cmTC_31bc9"
[1/2] Building CXX object CMakeFiles/cmTC_31bc9.dir/src.cxx.o
[2/2] Linking CXX executable cmTC_31bc9

Source file was:
int main() { return 0; }
Performing C++ SOURCE FILE Test CHECK_CXX_FLAG succeeded with the following output:
Change Dir: /home/misha/untitled2/_build/CMakeFiles/CMakeTmp

Run Build Command:"/usr/bin/ninja" "cmTC_50dc5"
[1/2] Building CXX object CMakeFiles/cmTC_50dc5.dir/src.cxx.o
[2/2] Linking CXX executable cmTC_50dc5

Source file was:
int main() { return 0; }
Performing C++ SOURCE FILE Test HAVE_FLAG_STD_GNUXX17 succeeded with the following output:
Change Dir: /home/misha/untitled2/_build/CMakeFiles/CMakeTmp

Run Build Command:"/usr/bin/ninja" "cmTC_58283"
[1/2] Building CXX object CMakeFiles/cmTC_58283.dir/src.cxx.o
[2/2] Linking CXX executable cmTC_58283

Source file was:
int main() { return 0; }
Performing C++ SOURCE FILE Test CHECK_CXX_FLAG_DEBUG succeeded with the following output:
Change Dir: /home/misha/untitled2/_build/CMakeFiles/CMakeTmp

Run Build Command:"/usr/bin/ninja" "cmTC_d6352"
[1/2] Building CXX object CMakeFiles/cmTC_d6352.dir/src.cxx.o
[2/2] Linking CXX executable cmTC_d6352

Source file was:
int main() { return 0; }
