Performing C SOURCE FILE Test MSan_FLAG_DETECTED failed with the following output:
Change Dir: /home/misha/untitled2/CMakeFiles/CMakeTmp

Run Build Command:"/usr/bin/ninja" "cmTC_c38b5"
[1/2] Building C object CMakeFiles/cmTC_c38b5.dir/src.c.o
FAILED: CMakeFiles/cmTC_c38b5.dir/src.c.o 
/usr/bin/gcc    -DMSan_FLAG_DETECTED -g -fsanitize=memory   -g -fsanitize=memory -o CMakeFiles/cmTC_c38b5.dir/src.c.o   -c /home/misha/untitled2/CMakeFiles/CMakeTmp/src.c
gcc: error: unrecognized argument to -fsanitize= option: 'memory'
gcc: error: unrecognized argument to -fsanitize= option: 'memory'
ninja: build stopped: subcommand failed.

Source file was:
int main(void) { return 0; }
Performing C SOURCE FILE Test CFI_FLAG_DETECTED failed with the following output:
Change Dir: /home/misha/untitled2/CMakeFiles/CMakeTmp

Run Build Command:"/usr/bin/ninja" "cmTC_5e5f2"
[1/2] Building C object CMakeFiles/cmTC_5e5f2.dir/src.c.o
FAILED: CMakeFiles/cmTC_5e5f2.dir/src.c.o 
/usr/bin/gcc    -DCFI_FLAG_DETECTED -g -fsanitize=cfi -fvisibility=hidden -flto -fuse-ld=lld   -g -fsanitize=cfi -fvisibility=hidden -flto -fuse-ld=lld -o CMakeFiles/cmTC_5e5f2.dir/src.c.o   -c /home/misha/untitled2/CMakeFiles/CMakeTmp/src.c
gcc: error: unrecognized argument to -fsanitize= option: 'cfi'
gcc: error: unrecognized argument to -fsanitize= option: 'cfi'
ninja: build stopped: subcommand failed.

Source file was:
int main(void) { return 0; }
Performing C SOURCE FILE Test SS_FLAG_DETECTED failed with the following output:
Change Dir: /home/misha/untitled2/CMakeFiles/CMakeTmp

Run Build Command:"/usr/bin/ninja" "cmTC_a9b94"
[1/2] Building C object CMakeFiles/cmTC_a9b94.dir/src.c.o
FAILED: CMakeFiles/cmTC_a9b94.dir/src.c.o 
/usr/bin/gcc    -DSS_FLAG_DETECTED -g -fsanitize=safe-stack   -g -fsanitize=safe-stack -o CMakeFiles/cmTC_a9b94.dir/src.c.o   -c /home/misha/untitled2/CMakeFiles/CMakeTmp/src.c
gcc: error: unrecognized argument to -fsanitize= option: 'safe-stack'
gcc: error: unrecognized argument to -fsanitize= option: 'safe-stack'
ninja: build stopped: subcommand failed.

Source file was:
int main(void) { return 0; }
